06/25/2013 12:16:17.680 INFO  (Default.Page_Load) Applicated Loaded
06/25/2013 12:16:18.276 INFO  (Default.Page_Load) Eloqua Service client Instanciated
06/25/2013 12:16:18.285 INFO  (Default.Page_Load) Eloqua Service action client Instanciated
06/25/2013 12:16:18.286 INFO  (Default.Page_Load) Query String Step Id : 
06/25/2013 12:16:18.288 INFO  (Default.Page_Load) Query String Company : 
06/25/2013 12:16:29.616 INFO  (Default.Page_Load) Applicated Loaded
06/25/2013 12:16:29.650 INFO  (Default.Page_Load) Eloqua Service client Instanciated
06/25/2013 12:16:29.653 INFO  (Default.Page_Load) Eloqua Service action client Instanciated
06/25/2013 12:16:29.655 INFO  (Default.Page_Load) Query String Step Id : 
06/25/2013 12:16:29.656 INFO  (Default.Page_Load) Query String Company : 
06/25/2013 12:16:43.792 INFO  (Default.Page_Load) Applicated Loaded
06/25/2013 12:16:43.800 INFO  (Default.Page_Load) Eloqua Service client Instanciated
06/25/2013 12:16:43.802 INFO  (Default.Page_Load) Eloqua Service action client Instanciated
06/25/2013 12:16:43.803 INFO  (Default.Page_Load) Query String Step Id : 
06/25/2013 12:16:43.807 INFO  (Default.Page_Load) Query String Company : 
06/25/2013 12:16:56.342 INFO  (Default.Page_Load) Applicated Loaded
06/25/2013 12:16:56.348 INFO  (Default.Page_Load) Eloqua Service client Instanciated
06/25/2013 12:16:56.350 INFO  (Default.Page_Load) Eloqua Service action client Instanciated
06/25/2013 12:16:56.352 INFO  (Default.Page_Load) Query String Step Id : 
06/25/2013 12:16:56.354 INFO  (Default.Page_Load) Query String Company : 
06/25/2013 12:17:03.392 INFO  (Default.Page_Load) Applicated Loaded
06/25/2013 12:17:03.432 INFO  (Default.Page_Load) Eloqua Service client Instanciated
06/25/2013 12:17:03.437 INFO  (Default.Page_Load) Eloqua Service action client Instanciated
06/25/2013 12:17:03.444 INFO  (Default.Page_Load) Query String Step Id : 1
06/25/2013 12:17:03.447 INFO  (Default.Page_Load) Query String Company : 
06/25/2013 12:17:13.873 INFO  (Default.Page_Load) Applicated Loaded
06/25/2013 12:17:13.884 INFO  (Default.Page_Load) Eloqua Service client Instanciated
06/25/2013 12:17:13.887 INFO  (Default.Page_Load) Eloqua Service action client Instanciated
06/25/2013 12:17:13.888 INFO  (Default.Page_Load) Query String Step Id : 1
06/25/2013 12:17:13.890 INFO  (Default.Page_Load) Query String Company : 
06/25/2013 12:17:26.226 INFO  (Default.Page_Load) Applicated Loaded
06/25/2013 12:17:26.236 INFO  (Default.Page_Load) Eloqua Service client Instanciated
06/25/2013 12:17:26.240 INFO  (Default.Page_Load) Eloqua Service action client Instanciated
06/25/2013 12:17:26.242 INFO  (Default.Page_Load) Query String Step Id : 1
06/25/2013 12:17:26.244 INFO  (Default.Page_Load) Query String Company : 
06/25/2013 12:17:38.627 INFO  (Default.Page_Load) Applicated Loaded
06/25/2013 12:17:38.637 INFO  (Default.Page_Load) Eloqua Service client Instanciated
06/25/2013 12:17:38.640 INFO  (Default.Page_Load) Eloqua Service action client Instanciated
06/25/2013 12:17:38.642 INFO  (Default.Page_Load) Query String Step Id : 1
06/25/2013 12:17:38.643 INFO  (Default.Page_Load) Query String Company : 
06/25/2013 12:17:54.662 INFO  (Default.Page_Load) Applicated Loaded
06/25/2013 12:17:54.669 INFO  (Default.Page_Load) Eloqua Service client Instanciated
06/25/2013 12:17:54.672 INFO  (Default.Page_Load) Eloqua Service action client Instanciated
06/25/2013 12:17:54.673 INFO  (Default.Page_Load) Query String Step Id : 1
06/25/2013 12:17:54.674 INFO  (Default.Page_Load) Query String Company : 
06/25/2013 14:34:46.372 INFO  (Default.Page_Load) Applicated Loaded
06/25/2013 14:34:48.130 INFO  (Default.Page_Load) Eloqua Service client Instantiated
06/25/2013 14:34:48.135 INFO  (Default.Page_Load) Eloqua Service action client Instantiated
06/25/2013 14:34:48.136 INFO  (Default.Page_Load) Query String Step Id : 
06/25/2013 14:34:48.137 INFO  (Default.Page_Load) Query String Company : 
06/25/2013 14:35:00.927 INFO  (Default.Page_Load) Applicated Loaded
06/25/2013 14:35:00.938 INFO  (Default.Page_Load) Eloqua Service client Instantiated
06/25/2013 14:35:00.941 INFO  (Default.Page_Load) Eloqua Service action client Instantiated
06/25/2013 14:35:00.942 INFO  (Default.Page_Load) Query String Step Id : 
06/25/2013 14:35:00.945 INFO  (Default.Page_Load) Query String Company : 
06/25/2013 14:35:17.177 INFO  (Default.Page_Load) Applicated Loaded
06/25/2013 14:35:17.196 INFO  (Default.Page_Load) Eloqua Service client Instantiated
06/25/2013 14:35:17.202 INFO  (Default.Page_Load) Eloqua Service action client Instantiated
06/25/2013 14:35:17.205 INFO  (Default.Page_Load) Query String Step Id : 
06/25/2013 14:35:17.207 INFO  (Default.Page_Load) Query String Company : 
06/25/2013 14:35:30.367 INFO  (Default.Page_Load) Applicated Loaded
06/25/2013 14:35:30.374 INFO  (Default.Page_Load) Eloqua Service client Instantiated
06/25/2013 14:35:30.376 INFO  (Default.Page_Load) Eloqua Service action client Instantiated
06/25/2013 14:35:30.377 INFO  (Default.Page_Load) Query String Step Id : 
06/25/2013 14:35:30.378 INFO  (Default.Page_Load) Query String Company : 
06/25/2013 14:35:43.368 INFO  (Default.Page_Load) Applicated Loaded
06/25/2013 14:35:43.378 INFO  (Default.Page_Load) Eloqua Service client Instantiated
06/25/2013 14:35:43.386 INFO  (Default.Page_Load) Eloqua Service action client Instantiated
06/25/2013 14:35:43.387 INFO  (Default.Page_Load) Query String Step Id : 
06/25/2013 14:35:43.388 INFO  (Default.Page_Load) Query String Company : 
06/25/2013 14:35:55.991 INFO  (Default.Page_Load) Applicated Loaded
06/25/2013 14:35:56.001 INFO  (Default.Page_Load) Eloqua Service client Instantiated
06/25/2013 14:35:56.004 INFO  (Default.Page_Load) Eloqua Service action client Instantiated
06/25/2013 14:35:56.005 INFO  (Default.Page_Load) Query String Step Id : 
06/25/2013 14:35:56.007 INFO  (Default.Page_Load) Query String Company : 
